C51 COMPILER V9.54   MAIN                                                                  10/29/2022 11:17:08 PAGE 1   


C51 COMPILER V9.54, COMPILATION OF MODULE MAIN
OBJECT MODULE PLACED IN .\Objects\main.obj
COMPILER INVOKED BY: C:\Keil_v5\C51\BIN\C51.EXE main.c OPTIMIZE(8,SPEED) BROWSE DEBUG OBJECTEXTEND PRINT(.\Listings\main
                    -.lst) TABS(2) OBJECT(.\Objects\main.obj)

line level    source

   1          #include <STC89C5xRC.H>
   2          #include "timer0.h"
   3          #include "Nixie.h"
   4          #include "Key.h"
   5          #include "DELAY.h"
   6          unsigned char num=0,counter,speed;
   7          void main()
   8          {
   9   1        Timer0Init();
  10   1        
  11   1        while(1)
  12   1        {
  13   2          if(Key()==1)         //设置占空比
  14   2            num++;
  15   2          if(num==0)
  16   2            speed=0;
  17   2          else if(num==1)
  18   2            speed=50;
  19   2          else if(num==2)
  20   2            speed=75;
  21   2          else if(num==3)
  22   2            speed=100;
  23   2          else if(num==4)
  24   2            num=0;  
  25   2          Nixie(1,num);
  26   2        }
  27   1      }
  28          
  29          void timer0() interrupt 1
  30          {
  31   1        
  32   1        TL0 = 0x66;   
  33   1        TH0 = 0xFC;   
  34   1        counter++;
  35   1        if(counter<=speed)//电机转动
  36   1          P10=1;
  37   1        else if(counter>speed)//电机不转
  38   1          P10=0;
  39   1        else if(counter>100)
  40   1          counter=0;  
  41   1      }


MODULE INFORMATION:   STATIC OVERLAYABLE
   CODE SIZE        =    118    ----
   CONSTANT SIZE    =   ----    ----
   XDATA SIZE       =   ----    ----
   PDATA SIZE       =   ----    ----
   DATA SIZE        =      3    ----
   IDATA SIZE       =   ----    ----
   BIT SIZE         =   ----    ----
END OF MODULE INFORMATION.


C51 COMPILATION COMPLETE.  0 WARNING(S),  0 ERROR(S)
