C51 COMPILER V9.54   MAIN                                                                  10/28/2022 00:07:20 PAGE 1   


C51 COMPILER V9.54, COMPILATION OF MODULE MAIN
OBJECT MODULE PLACED IN .\Objects\main.obj
COMPILER INVOKED BY: C:\Keil_v5\C51\BIN\C51.EXE main.c OPTIMIZE(8,SPEED) BROWSE DEBUG OBJECTEXTEND PRINT(.\Listings\main
                    -.lst) TABS(2) OBJECT(.\Objects\main.obj)

line level    source

   1          #include <STC89C5xRC.H>
   2          #include "timer0.h"
   3          
   4          unsigned int count=0;
   5          
   6          void main()
   7          {
   8   1        Ex0init();
   9   1        Timer0Init();
  10   1        P20=0;
  11   1        while(1)
  12   1        {
  13   2      
  14   2         }
  15   1      }
  16          
  17          void timer0() interrupt 1
  18          {
  19   1        static unsigned int count=0;
  20   1        TL0 = 0x66;   //设置定时初值
  21   1        TH0 = 0xFC;   //设置定时初值
  22   1        count++;
  23   1        if(count==1000)
  24   1        {
  25   2          count=0;
  26   2          P20=~P20;
  27   2          
  28   2        }
  29   1      
  30   1      
  31   1      }
  32          
  33          
  34          void Ex0() interrupt 0
  35          {
  36   1        
  37   1        ET0=1;//让定时器中断开启
  38   1      
  39   1      }


MODULE INFORMATION:   STATIC OVERLAYABLE
   CODE SIZE        =     52    ----
   CONSTANT SIZE    =   ----    ----
   XDATA SIZE       =   ----    ----
   PDATA SIZE       =   ----    ----
   DATA SIZE        =      4    ----
   IDATA SIZE       =   ----    ----
   BIT SIZE         =   ----    ----
END OF MODULE INFORMATION.


C51 COMPILATION COMPLETE.  0 WARNING(S),  0 ERROR(S)
