C51 COMPILER V9.54   TIMER0                                                                10/28/2022 00:07:20 PAGE 1   


C51 COMPILER V9.54, COMPILATION OF MODULE TIMER0
OBJECT MODULE PLACED IN .\Objects\timer0.obj
COMPILER INVOKED BY: C:\Keil_v5\C51\BIN\C51.EXE timer0.c OPTIMIZE(8,SPEED) BROWSE DEBUG OBJECTEXTEND PRINT(.\Listings\ti
                    -mer0.lst) TABS(2) OBJECT(.\Objects\timer0.obj)

line level    source

   1          #include <STC89C5xRC.H>
   2          
   3          void Timer0Init(void)   //1毫秒@11.0592MHz
   4          {
   5   1        
   6   1        TMOD &= 0xF0;   //设置定时器模式
   7   1        TMOD |= 0x01;   //设置定时器模式
   8   1        TL0 = 0x66;   //设置定时初值
   9   1        TH0 = 0xFC;   //设置定时初值
  10   1        TF0 = 0;    //清除TF0标志
  11   1        TR0 = 1;    //定时器0开始计时
  12   1        ET0=0;
  13   1        EA=1;
  14   1        PT0=0;
  15   1      }
  16          
  17          void Ex0init()
  18          {
  19   1        EA=1;
  20   1        EX0=1;
  21   1        IT0=0;
  22   1      }


MODULE INFORMATION:   STATIC OVERLAYABLE
   CODE SIZE        =     30    ----
   CONSTANT SIZE    =   ----    ----
   XDATA SIZE       =   ----    ----
   PDATA SIZE       =   ----    ----
   DATA SIZE        =   ----    ----
   IDATA SIZE       =   ----    ----
   BIT SIZE         =   ----    ----
END OF MODULE INFORMATION.


C51 COMPILATION COMPLETE.  0 WARNING(S),  0 ERROR(S)
