C51 COMPILER V9.54   BUZZER                                                                10/22/2022 16:03:08 PAGE 1   


C51 COMPILER V9.54, COMPILATION OF MODULE BUZZER
OBJECT MODULE PLACED IN .\Objects\Buzzer.obj
COMPILER INVOKED BY: C:\Keil_v5\C51\BIN\C51.EXE Buzzer.c OPTIMIZE(8,SPEED) BROWSE DEBUG OBJECTEXTEND PRINT(.\Listings\Bu
                    -zzer.lst) TABS(2) OBJECT(.\Objects\Buzzer.obj)

line level    source

   1          #include <STC89C5xRC.H>
   2          #include <INTRINS.H>
   3          
   4          //蜂鸣器端口：
   5          sbit Buzzer=P2^5;
   6          
   7          /**
   8            * @brief  蜂鸣器私有延时函数，延时500us
   9            * @param  无
  10            * @retval 无
  11            */
  12          void Delay500us()   //@11.0592MHz
  13          {
  14   1        unsigned char i, j;
  15   1      
  16   1        _nop_();
  17   1        _nop_();
  18   1        i = 6;
  19   1        j = 93;
  20   1        do
  21   1        {
  22   2          while (--j);
  23   2        } while (--i);
  24   1      }
  25          
  26          void Delay20us()    //@11.0592MHz
  27          {
  28   1        unsigned char i;
  29   1      
  30   1        _nop_();
  31   1        _nop_();
  32   1        _nop_();
  33   1        i = 52;
  34   1        while (--i);
  35   1      }
  36          
  37          
  38          
  39          
  40          
  41          
  42          
  43          
  44          /**
  45            * @brief  蜂鸣器发声
  46            * @param  ms 发声的时长，范围：0~32767
  47            * @retval 无
  48            */
  49          void Buzzer_Time1(unsigned int ms)
  50          {
  51   1        unsigned int i;
  52   1        for(i=0;i<ms*2;i++)
  53   1        {
  54   2          Buzzer=!Buzzer;
C51 COMPILER V9.54   BUZZER                                                                10/22/2022 16:03:08 PAGE 2   

  55   2          Delay500us();
  56   2        }
  57   1        
  58   1      }
  59          
  60          void Buzzer_Time2(unsigned int ms)
  61          {
  62   1        unsigned int i;
  63   1        for(i=0;i<ms*2;i++)
  64   1        {
  65   2          Buzzer=!Buzzer;
  66   2          Delay20us();
  67   2          
  68   2        }
  69   1      }


MODULE INFORMATION:   STATIC OVERLAYABLE
   CODE SIZE        =     87    ----
   CONSTANT SIZE    =   ----    ----
   XDATA SIZE       =   ----    ----
   PDATA SIZE       =   ----    ----
   DATA SIZE        =   ----    ----
   IDATA SIZE       =   ----    ----
   BIT SIZE         =   ----    ----
END OF MODULE INFORMATION.


C51 COMPILATION COMPLETE.  0 WARNING(S),  0 ERROR(S)
