C51 COMPILER V9.54   LCD1602                                                               10/22/2022 16:03:08 PAGE 1   


C51 COMPILER V9.54, COMPILATION OF MODULE LCD1602
OBJECT MODULE PLACED IN .\Objects\lcd1602.obj
COMPILER INVOKED BY: C:\Keil_v5\C51\BIN\C51.EXE lcd1602.c OPTIMIZE(8,SPEED) BROWSE DEBUG OBJECTEXTEND PRINT(.\Listings\l
                    -cd1602.lst) TABS(2) OBJECT(.\Objects\lcd1602.obj)

line level    source

   1          #include <STC89C5xRC.H>
   2          #include "Delay.h"
   3          
   4          //引脚配置：
   5          sbit LCD_RS=P2^6;
   6          sbit LCD_RW=P2^5;
   7          sbit LCD_EN=P2^7;
   8          #define LCD_DataPort P0
   9          
  10          //函数定义：
  11          /**
  12            * @brief  LCD1602延时函数，12MHz调用可延时1ms
  13            * @param  无
  14            * @retval 无
  15            */
  16          void LCD_Delay()
  17          {
  18   1        unsigned char i, j;
  19   1      
  20   1        i = 2;
  21   1        j = 239;
  22   1        do
  23   1        {
  24   2          while (--j);
  25   2        } while (--i);
  26   1      }
  27          
  28          /**
  29            * @brief  LCD1602写命令
  30            * @param  Command 要写入的命令
  31            * @retval 无
  32            */
  33          void LCD_WriteCommand(unsigned char Command)
  34          {
  35   1        LCD_RS=0;
  36   1        LCD_RW=0;
  37   1        LCD_DataPort=Command;
  38   1        LCD_EN=1;
  39   1        LCD_Delay();
  40   1        LCD_EN=0;
  41   1        LCD_Delay();
  42   1      }
  43          
  44          /**
  45            * @brief  LCD1602写数据
  46            * @param  Data 要写入的数据
  47            * @retval 无
  48            */
  49          void LCD_WriteData(unsigned char Data)
  50          {
  51   1        LCD_RS=1;
  52   1        LCD_RW=0;
  53   1        LCD_DataPort=Data;
  54   1        LCD_EN=1;
C51 COMPILER V9.54   LCD1602                                                               10/22/2022 16:03:08 PAGE 2   

  55   1        LCD_Delay();
  56   1        LCD_EN=0;
  57   1        LCD_Delay();
  58   1      }
  59          
  60          /**
  61            * @brief  LCD1602设置光标位置
  62            * @param  Line 行位置，范围：1~2
  63            * @param  Column 列位置，范围：1~16
  64            * @retval 无
  65            */
  66          void LCD_SetCursor(unsigned char Line,unsigned char Column)
  67          {
  68   1        if(Line==1)
  69   1        {
  70   2          LCD_WriteCommand(0x80|(Column-1));
  71   2        }
  72   1        else if(Line==2)
  73   1        {
  74   2          LCD_WriteCommand(0x80|(Column-1+0x40));
  75   2        }
  76   1      }
  77          
  78          /**
  79            * @brief  LCD1602初始化函数
  80            * @param  无
  81            * @retval 无
  82            */
  83          void LCD_Init()
  84          {
  85   1        LCD_WriteCommand(0x38);//八位数据接口，两行显示，5*7点阵
  86   1        LCD_WriteCommand(0x0c);//显示开，光标关，闪烁关
  87   1        LCD_WriteCommand(0x06);//数据读写操作后，光标自动加一，画面不动
  88   1        LCD_WriteCommand(0x01);//光标复位，清屏
  89   1      }
  90          
  91          /**
  92            * @brief  在LCD1602指定位置上显示一个字符
  93            * @param  Line 行位置，范围：1~2
  94            * @param  Column 列位置，范围：1~16
  95            * @param  Char 要显示的字符
  96            * @retval 无
  97            */
  98          void LCD_ShowChar(unsigned char Line,unsigned char Column,char Char)
  99          {
 100   1        LCD_SetCursor(Line,Column);
 101   1        LCD_WriteData(Char);
 102   1      }
 103          
 104          /**
 105            * @brief  在LCD1602指定位置开始显示所给字符串
 106            * @param  Line 起始行位置，范围：1~2
 107            * @param  Column 起始列位置，范围：1~16
 108            * @param  String 要显示的字符串
 109            * @retval 无
 110            */
 111          void LCD_ShowString(unsigned char Line,unsigned char Column,char *String)
 112          {
 113   1        unsigned char i;
 114   1        LCD_SetCursor(Line,Column);
 115   1        for(i=0;String[i]!='\0';i++)
 116   1        {
C51 COMPILER V9.54   LCD1602                                                               10/22/2022 16:03:08 PAGE 3   

 117   2          LCD_WriteData(String[i]);
 118   2        }
 119   1      }
 120          
 121          /**
 122            * @brief  返回值=X的Y次方
 123            */
 124          int LCD_Pow(int X,int Y)
 125          {
 126   1        unsigned char i;
 127   1        int Result=1;
 128   1        for(i=0;i<Y;i++)
 129   1        {
 130   2          Result*=X;
 131   2        }
 132   1        return Result;
 133   1      }
 134          
 135          /**
 136            * @brief  在LCD1602指定位置开始显示所给数字
 137            * @param  Line 起始行位置，范围：1~2
 138            * @param  Column 起始列位置，范围：1~16
 139            * @param  Number 要显示的数字，范围：0~65535
 140            * @param  Length 要显示数字的长度，范围：1~5
 141            * @retval 无
 142            */
 143          void LCD_ShowNum(unsigned char Line,unsigned char Column,unsigned int Number,unsigned char Length)
 144          {
 145   1        unsigned char i;
 146   1        LCD_SetCursor(Line,Column);
 147   1        for(i=Length;i>0;i--)
 148   1        {
 149   2          LCD_WriteData(Number/LCD_Pow(10,i-1)%10+'0');
 150   2        }
 151   1      }
 152          
 153          /**
 154            * @brief  在LCD1602指定位置开始以有符号十进制显示所给数字
 155            * @param  Line 起始行位置，范围：1~2
 156            * @param  Column 起始列位置，范围：1~16
 157            * @param  Number 要显示的数字，范围：-32768~32767
 158            * @param  Length 要显示数字的长度，范围：1~5
 159            * @retval 无
 160            */
 161          void LCD_ShowSignedNum(unsigned char Line,unsigned char Column,int Number,unsigned char Length)
 162          {
 163   1        unsigned char i;
 164   1        unsigned int Number1;
 165   1        LCD_SetCursor(Line,Column);
 166   1        if(Number>=0)
 167   1        {
 168   2          LCD_WriteData('+');
 169   2          Number1=Number;
 170   2        }
 171   1        else
 172   1        {
 173   2          LCD_WriteData('-');
 174   2          Number1=-Number;
 175   2        }
 176   1        for(i=Length;i>0;i--)
 177   1        {
 178   2          LCD_WriteData(Number1/LCD_Pow(10,i-1)%10+'0');
C51 COMPILER V9.54   LCD1602                                                               10/22/2022 16:03:08 PAGE 4   

 179   2        }
 180   1      }
 181          
 182          /**
 183            * @brief  在LCD1602指定位置开始以十六进制显示所给数字
 184            * @param  Line 起始行位置，范围：1~2
 185            * @param  Column 起始列位置，范围：1~16
 186            * @param  Number 要显示的数字，范围：0~0xFFFF
 187            * @param  Length 要显示数字的长度，范围：1~4
 188            * @retval 无
 189            */
 190          void LCD_ShowHexNum(unsigned char Line,unsigned char Column,unsigned int Number,unsigned char Length)
 191          {
 192   1        unsigned char i,SingleNumber;
 193   1        LCD_SetCursor(Line,Column);
 194   1        for(i=Length;i>0;i--)
 195   1        {
 196   2          SingleNumber=Number/LCD_Pow(16,i-1)%16;
 197   2          if(SingleNumber<10)
 198   2          {
 199   3            LCD_WriteData(SingleNumber+'0');
 200   3          }
 201   2          else
 202   2          {
 203   3            LCD_WriteData(SingleNumber-10+'A');
 204   3          }
 205   2        }
 206   1      }
 207          
 208          /**
 209            * @brief  在LCD1602指定位置开始以二进制显示所给数字
 210            * @param  Line 起始行位置，范围：1~2
 211            * @param  Column 起始列位置，范围：1~16
 212            * @param  Number 要显示的数字，范围：0~1111 1111 1111 1111
 213            * @param  Length 要显示数字的长度，范围：1~16
 214            * @retval 无
 215            */
 216          void LCD_ShowBinNum(unsigned char Line,unsigned char Column,unsigned int Number,unsigned char Length)
 217          {
 218   1        unsigned char i;
 219   1        LCD_SetCursor(Line,Column);
 220   1        for(i=Length;i>0;i--)
 221   1        {
 222   2          LCD_WriteData(Number/LCD_Pow(2,i-1)%2+'0');
 223   2        }
 224   1      }
 225          
 226          /**
 227            * @brief  在LCD1602指定位置显示 I love you
 228            * @param  Line 起始行位置，范围：1
 229            * @param  Column 起始列位置，范围：1~6
 230            * @retval 
 231            */
 232          void heart()
 233          { 
 234   1            typedef unsigned char u8;
 235   1            unsigned char arr1[]={0x04,0x0E,0x1F,0x1F,0x0F,0x07,0x03,0x01};
 236   1            unsigned char arr2[]={0x04,0x0E,0x1F,0x1F,0x1E,0x1C,0x18,0x10};
 237   1            unsigned char column1[]={0x40,0x48,0x50,0x58,0x60,0x68,0x70,0x78};
 238   1            unsigned char column2[]={0x00,0x01,0x02,0x03,0x04,0x05,0x06,0x07};
 239   1            u8 i,j=0;
 240   1            for(j=2;j<=8;j++){
C51 COMPILER V9.54   LCD1602                                                               10/22/2022 16:03:08 PAGE 5   

 241   2                LCD_ShowString(1,j-1,"I");
 242   2                LCD_ShowString(1,j+2,"You");
 243   2                LCD_WriteCommand(column1[j]);
 244   2                for(i=0;i<8;i++)
 245   2                {
 246   3                  LCD_WriteData(arr1[i]);
 247   3                }
 248   2                LCD_SetCursor(1,j);
 249   2                LCD_WriteData(column2[j]);
 250   2                
 251   2                LCD_WriteCommand(column1[j+1]);
 252   2                for(i=0;i<8;i++)
 253   2                {
 254   3                  LCD_WriteData(arr2[i]);
 255   3                }
 256   2                LCD_SetCursor(1,j+1);
 257   2                LCD_WriteData(column2[j+1]);
 258   2                Delay(800);
 259   2                LCD_Init();
 260   2                if(j==6)
 261   2                {
 262   3                j=1;
 263   3                }
 264   2            }
 265   1            
 266   1            
 267   1      
 268   1      }     


MODULE INFORMATION:   STATIC OVERLAYABLE
   CODE SIZE        =    623    ----
   CONSTANT SIZE    =     38    ----
   XDATA SIZE       =   ----    ----
   PDATA SIZE       =   ----    ----
   DATA SIZE        =   ----      62
   IDATA SIZE       =   ----    ----
   BIT SIZE         =   ----    ----
END OF MODULE INFORMATION.


C51 COMPILATION COMPLETE.  0 WARNING(S),  0 ERROR(S)
