C51 COMPILER V9.54   MAIN                                                                  10/22/2022 16:03:08 PAGE 1   


C51 COMPILER V9.54, COMPILATION OF MODULE MAIN
OBJECT MODULE PLACED IN .\Objects\main.obj
COMPILER INVOKED BY: C:\Keil_v5\C51\BIN\C51.EXE main.c OPTIMIZE(8,SPEED) BROWSE DEBUG OBJECTEXTEND PRINT(.\Listings\main
                    -.lst) TABS(2) OBJECT(.\Objects\main.obj)

line level    source

   1          #include <STC89C5xRC.H>
   2          #include "Delay.h"
   3          #include "lcd1602.h"  //提示：记得要声明函数，不然无法引用函数
   4          #include "Buzzer.h"
   5          #include "matrix.h"
   6          void main ()
   7          { unsigned int keynum=0,keynumber;
   8   1        LCD_Init();
   9   1        LCD_ShowString(1,1,"Password:");
  10   1        while (1)
  11   1        {
  12   2          
  13   2          keynumber=matrixkey();
  14   2        if(keynumber!=0)
  15   2        {
  16   3          if(keynumber<=10)//输入密码
  17   3           {
  18   4             keynum=keynum*10+keynumber%10;
  19   4             LCD_ShowNum(2,1,keynum,4);
  20   4           }
  21   3          else if (keynumber==11)//后退为前一次输入的密码
  22   3            {
  23   4            keynum=keynum/10;
  24   4            LCD_ShowNum(2,1,keynum,4);
  25   4            }
  26   3          else if (keynumber==12) //取消密码
  27   3            {
  28   4            keynum=0;
  29   4            LCD_ShowNum(2,1,keynum,4);
  30   4            }
  31   3          else if(keynumber==16)//判断密码对错
  32   3            {if(keynum==5678)//密码正确，显示ture，并重置密码
  33   4              {
  34   5                LCD_ShowString(1,12,"Ture");
  35   5                Buzzer_Time2(100);
  36   5                Delay(20);
  37   5                Buzzer_Time2(100);
  38   5                Delay(20);
  39   5                Buzzer_Time2(100);
  40   5                Delay(20);
  41   5                keynum=0;
  42   5                LCD_ShowNum(2,1,keynum,4);
  43   5              }
  44   4             else       //密码错误，显示err，并重置密码   
  45   4              {
  46   5              LCD_ShowString(1,13,"Err"); 
  47   5              Buzzer_Time1(250);
  48   5              LCD_ShowString(2,1,"Plesea rewrite!");
  49   5              Delay(1000);
  50   5              keynum=0;
  51   5              LCD_Init();
  52   5              LCD_ShowString(1,1,"Password:");  
  53   5              LCD_ShowNum(2,1,keynum,4);          
  54   5              }
C51 COMPILER V9.54   MAIN                                                                  10/22/2022 16:03:08 PAGE 2   

  55   4            
  56   4            }
  57   3           
  58   3          
  59   3        }
  60   2        
  61   2        }
  62   1      }


MODULE INFORMATION:   STATIC OVERLAYABLE
   CODE SIZE        =    314    ----
   CONSTANT SIZE    =     35    ----
   XDATA SIZE       =   ----    ----
   PDATA SIZE       =   ----    ----
   DATA SIZE        =   ----       4
   IDATA SIZE       =   ----    ----
   BIT SIZE         =   ----    ----
END OF MODULE INFORMATION.


C51 COMPILATION COMPLETE.  0 WARNING(S),  0 ERROR(S)
