C51 COMPILER V9.54   MATRIXKEY                                                             10/22/2022 16:03:08 PAGE 1   


C51 COMPILER V9.54, COMPILATION OF MODULE MATRIXKEY
OBJECT MODULE PLACED IN .\Objects\matrixkey.obj
COMPILER INVOKED BY: C:\Keil_v5\C51\BIN\C51.EXE matrixkey.c OPTIMIZE(8,SPEED) BROWSE DEBUG OBJECTEXTEND PRINT(.\Listings
                    -\matrixkey.lst) TABS(2) OBJECT(.\Objects\matrixkey.obj)

line level    source

   1          #include <STC89C5xRC.H>
   2          #include "Delay.h"
   3          
   4          unsigned char matrixkey()
   5          {
   6   1        unsigned char keynumber=0;
   7   1        
   8   1        P1=0xFF;
   9   1        P13=0;
  10   1        if (P17==0){Delay(20);if(P17==0){Delay(200);keynumber=1;}}
  11   1        if (P16==0){Delay(20);if(P16==0){Delay(200);keynumber=5;}}
  12   1        if (P15==0){Delay(20);if(P15==0){Delay(200);keynumber=9;}}
  13   1        if (P14==0){Delay(20);if(P14==0){Delay(200);keynumber=13;}}
  14   1        
  15   1        P1=0xFF;
  16   1        P12=0;
  17   1        if (P17==0){Delay(20);if(P17==0){Delay(200);keynumber=2;}}
  18   1        if (P16==0){Delay(20);if(P16==0){Delay(200);keynumber=6;}}
  19   1        if (P15==0){Delay(20);if(P15==0){Delay(200);keynumber=10;}}
  20   1        if (P14==0){Delay(20);if(P14==0){Delay(200);keynumber=14;}}
  21   1        
  22   1        P1=0xFF;
  23   1        P11=0;
  24   1        if (P17==0){Delay(20);if(P17==0){Delay(200);keynumber=3;}}
  25   1        if (P16==0){Delay(20);if(P16==0){Delay(200);keynumber=7;}}
  26   1        if (P15==0){Delay(20);if(P15==0){Delay(200);keynumber=11;}}
  27   1        if (P14==0){Delay(20);if(P14==0){Delay(200);keynumber=15;}}
  28   1        
  29   1        P1=0xFF;
  30   1        P10=0;
  31   1        if (P17==0){Delay(20);if(P17==0){Delay(200);keynumber=4;}}
  32   1        if (P16==0){Delay(20);if(P16==0){Delay(200);keynumber=8;}}
  33   1        if (P15==0){Delay(20);if(P15==0){Delay(200);keynumber=12;}}
  34   1        if (P14==0){Delay(20);if(P14==0){Delay(200);keynumber=16;}}
  35   1      
  36   1        return keynumber;
  37   1      }
  38          


MODULE INFORMATION:   STATIC OVERLAYABLE
   CODE SIZE        =    393    ----
   CONSTANT SIZE    =   ----    ----
   XDATA SIZE       =   ----    ----
   PDATA SIZE       =   ----    ----
   DATA SIZE        =   ----       1
   IDATA SIZE       =   ----    ----
   BIT SIZE         =   ----    ----
END OF MODULE INFORMATION.


C51 COMPILATION COMPLETE.  0 WARNING(S),  0 ERROR(S)
